<?xml version="1.0" encoding="UTF-8"?>
<!-- Generated by org.testng.reporters.JUnitReportReporter -->
<testsuite hostname="DESKTOP-D52PHM3" failures="0" tests="1" name="com.cucumber.onliner.runner.CucumberTestRunner" time="43.712" errors="0" timestamp="2023-05-09T21:37:16 MSK" skipped="0">
  <testcase classname="com.cucumber.onliner.runner.CucumberTestRunner" name="runScenario" time="43.712"/>
  <system-out/>
</testsuite> <!-- com.cucumber.onliner.runner.CucumberTestRunner -->
